<?xml version="1.0" encoding="UTF-8"?>
<!-- Generated by org.testng.reporters.JUnitReportReporter -->
<testsuite hostname="LAPTOP-PLNO5R2G" failures="0" tests="8" name="com.ninja.testCases.Ninja_Login" time="41.167" errors="0" timestamp="2023-06-30T12:28:39 PDT" skipped="0">
  <testcase classname="com.ninja.testCases.Ninja_Login" name="loginWithValidCredentials" time="4.992"/>
  <testcase classname="com.ninja.testCases.Ninja_Login" name="loginWithValidCredentials" time="5.231"/>
  <testcase classname="com.ninja.testCases.Ninja_Login" name="loginWithValidCredentials" time="5.427"/>
  <testcase classname="com.ninja.testCases.Ninja_Login" name="loginWithValidCredentials" time="5.093"/>
  <testcase classname="com.ninja.testCases.Ninja_Login" name="loginWithValidCredentials" time="5.074"/>
  <testcase classname="com.ninja.testCases.Ninja_Login" name="loginWithValidCredentials" time="4.970"/>
  <testcase classname="com.ninja.testCases.Ninja_Login" name="loginWithValidCredentials" time="5.147"/>
  <testcase classname="com.ninja.testCases.Ninja_Login" name="loginWithValidCredentials" time="5.233"/>
</testsuite> <!-- com.ninja.testCases.Ninja_Login -->
