<?xml version="1.0" encoding="UTF-8"?>
<!-- Generated by org.testng.reporters.JUnitReportReporter -->
<testsuite hostname="LAPTOP-PLNO5R2G" failures="0" tests="8" name="com.ninja.testCases.Ninja_Login" time="59.618" errors="0" timestamp="2023-06-30T12:32:50 PDT" skipped="0">
  <testcase classname="com.ninja.testCases.Ninja_Login" name="loginWithValidCredentials" time="5.256"/>
  <testcase classname="com.ninja.testCases.Ninja_Login" name="loginWithValidCredentials" time="10.152"/>
  <testcase classname="com.ninja.testCases.Ninja_Login" name="loginWithValidCredentials" time="5.342"/>
  <testcase classname="com.ninja.testCases.Ninja_Login" name="loginWithValidCredentials" time="5.248"/>
  <testcase classname="com.ninja.testCases.Ninja_Login" name="loginWithValidCredentials" time="18.170"/>
  <testcase classname="com.ninja.testCases.Ninja_Login" name="loginWithValidCredentials" time="5.148"/>
  <testcase classname="com.ninja.testCases.Ninja_Login" name="loginWithValidCredentials" time="4.980"/>
  <testcase classname="com.ninja.testCases.Ninja_Login" name="loginWithValidCredentials" time="5.322"/>
</testsuite> <!-- com.ninja.testCases.Ninja_Login -->
