<?xml version="1.0" encoding="UTF-8"?>
<!-- Generated by org.testng.reporters.JUnitReportReporter -->
<testsuite hostname="LAPTOP-PLNO5R2G" failures="0" tests="1" name="com.ninja.testCases.Ninja_Landing" time="6.066" errors="0" timestamp="2023-06-30T12:32:50 PDT" skipped="0">
  <testcase classname="com.ninja.testCases.Ninja_Landing" name="presenceOfQAFoxLink" time="6.066"/>
</testsuite> <!-- com.ninja.testCases.Ninja_Landing -->
